<?xml version="1.0" encoding="UTF-8"?>
<coverage generated="1511352890">
  <project timestamp="1511352890">
    <package name="Interval">
      <file name="/var/www/interval/src/Catalog.php">
        <class name="Catalog" namespace="Interval" fullPackage="Interval" package="Interval">
          <metrics complexity="2" methods="1" coveredmethods="1" conditionals="0" coveredconditionals="0" statements="3" coveredstatements="3" elements="4" coveredelements="4"/>
        </class>
        <line num="33" type="method" name="get" visibility="public" complexity="2" crap="2" count="12"/>
        <line num="35" type="stmt" count="12"/>
        <line num="36" type="stmt" count="7"/>
        <line num="39" type="stmt" count="12"/>
        <metrics loc="41" ncloc="29" classes="1" methods="1" coveredmethods="1" conditionals="0" coveredconditionals="0" statements="3" coveredstatements="3" elements="4" coveredelements="4"/>
      </file>
      <file name="/var/www/interval/src/Interval.php">
        <class name="Interval" namespace="Interval" fullPackage="Interval" package="Interval">
          <metrics complexity="28" methods="16" coveredmethods="16" conditionals="0" coveredconditionals="0" statements="45" coveredstatements="45" elements="61" coveredelements="61"/>
        </class>
        <line num="43" type="method" name="__construct" visibility="public" complexity="2" crap="2" count="61"/>
        <line num="45" type="stmt" count="61"/>
        <line num="47" type="stmt" count="61"/>
        <line num="48" type="stmt" count="61"/>
        <line num="50" type="stmt" count="61"/>
        <line num="51" type="stmt" count="61"/>
        <line num="53" type="stmt" count="61"/>
        <line num="54" type="stmt" count="2"/>
        <line num="56" type="stmt" count="59"/>
        <line num="62" type="method" name="isConsistent" visibility="private" complexity="1" crap="1" count="61"/>
        <line num="64" type="stmt" count="61"/>
        <line num="81" type="method" name="union" visibility="public" complexity="1" crap="1" count="1"/>
        <line num="84" type="stmt" count="1"/>
        <line num="85" type="stmt" count="1"/>
        <line num="102" type="method" name="exclude" visibility="public" complexity="1" crap="1" count="6"/>
        <line num="105" type="stmt" count="6"/>
        <line num="106" type="stmt" count="6"/>
        <line num="123" type="method" name="intersect" visibility="public" complexity="1" crap="1" count="1"/>
        <line num="126" type="stmt" count="1"/>
        <line num="127" type="stmt" count="1"/>
        <line num="136" type="method" name="overlaps" visibility="public" complexity="1" crap="1" count="1"/>
        <line num="139" type="stmt" count="1"/>
        <line num="140" type="stmt" count="1"/>
        <line num="149" type="method" name="includes" visibility="public" complexity="1" crap="1" count="1"/>
        <line num="152" type="stmt" count="1"/>
        <line num="153" type="stmt" count="1"/>
        <line num="170" type="method" name="isNeighborOf" visibility="public" complexity="1" crap="1" count="1"/>
        <line num="173" type="stmt" count="1"/>
        <line num="174" type="stmt" count="1"/>
        <line num="181" type="method" name="getStart" visibility="public" complexity="1" crap="1" count="43"/>
        <line num="183" type="stmt" count="43"/>
        <line num="190" type="method" name="getEnd" visibility="public" complexity="1" crap="1" count="44"/>
        <line num="192" type="stmt" count="44"/>
        <line num="198" type="method" name="getComparableStart" visibility="public" complexity="1" crap="1" count="6"/>
        <line num="200" type="stmt" count="6"/>
        <line num="206" type="method" name="getComparableEnd" visibility="public" complexity="1" crap="1" count="6"/>
        <line num="208" type="stmt" count="6"/>
        <line num="214" type="method" name="__toString" visibility="public" complexity="7" crap="7" count="8"/>
        <line num="216" type="stmt" count="8"/>
        <line num="217" type="stmt" count="8"/>
        <line num="219" type="stmt" count="8"/>
        <line num="220" type="stmt" count="6"/>
        <line num="223" type="stmt" count="8"/>
        <line num="224" type="stmt" count="7"/>
        <line num="227" type="stmt" count="8"/>
        <line num="236" type="method" name="toComparable" visibility="public" complexity="5" crap="5" count="73"/>
        <line num="238" type="stmt" count="73"/>
        <line num="240" type="stmt" count="73"/>
        <line num="241" type="stmt" count="73"/>
        <line num="242" type="stmt" count="57"/>
        <line num="243" type="stmt" count="17"/>
        <line num="244" type="stmt" count="14"/>
        <line num="246" type="stmt" count="3"/>
        <line num="249" type="stmt" count="70"/>
        <line num="256" type="method" name="loadCatalog" visibility="private" complexity="2" crap="2" count="61"/>
        <line num="258" type="stmt" count="61"/>
        <line num="259" type="stmt" count="1"/>
        <line num="262" type="stmt" count="61"/>
        <line num="273" type="method" name="create" visibility="public" complexity="1" crap="1" count="1"/>
        <line num="276" type="stmt" count="1"/>
        <line num="277" type="stmt" count="1"/>
        <metrics loc="279" ncloc="138" classes="1" methods="16" coveredmethods="16" conditionals="0" coveredconditionals="0" statements="45" coveredstatements="45" elements="61" coveredelements="61"/>
      </file>
      <file name="/var/www/interval/src/Intervals.php">
        <class name="Intervals" namespace="Interval" fullPackage="Interval" package="Interval">
          <metrics complexity="5" methods="4" coveredmethods="4" conditionals="0" coveredconditionals="0" statements="12" coveredstatements="12" elements="16" coveredelements="16"/>
        </class>
        <line num="19" type="method" name="__toString" visibility="public" complexity="1" crap="1" count="3"/>
        <line num="21" type="stmt" count="3"/>
        <line num="22" type="stmt" count="3"/>
        <line num="23" type="stmt" count="3"/>
        <line num="24" type="stmt" count="3"/>
        <line num="31" type="method" name="__construct" visibility="public" complexity="1" crap="1" count="46"/>
        <line num="33" type="stmt" count="46"/>
        <line num="34" type="stmt" count="46"/>
        <line num="35" type="stmt" count="46"/>
        <line num="51" type="method" name="exclude" visibility="public" complexity="1" crap="1" count="1"/>
        <line num="54" type="stmt" count="1"/>
        <line num="55" type="stmt" count="1"/>
        <line num="63" type="method" name="loadCatalog" visibility="private" complexity="2" crap="2" count="46"/>
        <line num="65" type="stmt" count="46"/>
        <line num="66" type="stmt" count="1"/>
        <line num="69" type="stmt" count="46"/>
        <metrics loc="71" ncloc="38" classes="1" methods="4" coveredmethods="4" conditionals="0" coveredconditionals="0" statements="12" coveredstatements="12" elements="16" coveredelements="16"/>
      </file>
      <file name="/var/www/interval/src/Parser.php">
        <class name="Parser" namespace="Interval" fullPackage="Interval" package="Interval">
          <metrics complexity="16" methods="7" coveredmethods="4" conditionals="0" coveredconditionals="0" statements="32" coveredstatements="29" elements="39" coveredelements="33"/>
        </class>
        <line num="22" type="method" name="parse" visibility="public" complexity="2" crap="2.01" count="6"/>
        <line num="24" type="stmt" count="6"/>
        <line num="25" type="stmt" count="6"/>
        <line num="26" type="stmt" count="0"/>
        <line num="29" type="stmt" count="6"/>
        <line num="30" type="stmt" count="6"/>
        <line num="32" type="stmt" count="6"/>
        <line num="33" type="stmt" count="6"/>
        <line num="35" type="stmt" count="6"/>
        <line num="44" type="method" name="parseStartTerm" visibility="private" complexity="2" crap="2.01" count="6"/>
        <line num="46" type="stmt" count="6"/>
        <line num="48" type="stmt" count="6"/>
        <line num="49" type="stmt" count="0"/>
        <line num="52" type="stmt" count="6"/>
        <line num="53" type="stmt" count="6"/>
        <line num="54" type="stmt" count="6"/>
        <line num="56" type="stmt" count="6"/>
        <line num="65" type="method" name="parseEndTerm" visibility="private" complexity="2" crap="2.01" count="6"/>
        <line num="67" type="stmt" count="6"/>
        <line num="69" type="stmt" count="6"/>
        <line num="70" type="stmt" count="0"/>
        <line num="73" type="stmt" count="6"/>
        <line num="74" type="stmt" count="6"/>
        <line num="75" type="stmt" count="6"/>
        <line num="77" type="stmt" count="6"/>
        <line num="86" type="method" name="parseValue" visibility="private" complexity="5" crap="5" count="6"/>
        <line num="88" type="stmt" count="6"/>
        <line num="89" type="stmt" count="3"/>
        <line num="90" type="stmt" count="4"/>
        <line num="91" type="stmt" count="2"/>
        <line num="92" type="stmt" count="2"/>
        <line num="93" type="stmt" count="1"/>
        <line num="96" type="stmt" count="6"/>
        <line num="104" type="method" name="isInt" visibility="private" complexity="2" crap="2" count="6"/>
        <line num="106" type="stmt" count="6"/>
        <line num="114" type="method" name="isInfinity" visibility="private" complexity="1" crap="1" count="4"/>
        <line num="116" type="stmt" count="4"/>
        <line num="124" type="method" name="isFloat" visibility="private" complexity="2" crap="2" count="2"/>
        <line num="126" type="stmt" count="2"/>
        <metrics loc="128" ncloc="83" classes="1" methods="7" coveredmethods="4" conditionals="0" coveredconditionals="0" statements="32" coveredstatements="29" elements="39" coveredelements="33"/>
      </file>
    </package>
    <package name="Interval\Operation\Interval">
      <file name="/var/www/interval/src/Operation/Interval/Exclusion.php">
        <class name="Exclusion" namespace="Interval\Operation\Interval" fullPackage="Interval" package="Interval">
          <metrics complexity="9" methods="2" coveredmethods="2" conditionals="0" coveredconditionals="0" statements="13" coveredstatements="13" elements="15" coveredelements="15"/>
        </class>
        <line num="24" type="method" name="__invoke" visibility="public" complexity="1" crap="1" count="6"/>
        <line num="26" type="stmt" count="6"/>
        <line num="46" type="method" name="compute" visibility="public" complexity="8" crap="8" count="32"/>
        <line num="48" type="stmt" count="32"/>
        <line num="49" type="stmt" count="14"/>
        <line num="52" type="stmt" count="21"/>
        <line num="53" type="stmt" count="5"/>
        <line num="56" type="stmt" count="17"/>
        <line num="57" type="stmt" count="13"/>
        <line num="58" type="stmt" count="8"/>
        <line num="59" type="stmt" count="8"/>
        <line num="60" type="stmt" count="8"/>
        <line num="64" type="stmt" count="6"/>
        <line num="65" type="stmt" count="6"/>
        <line num="69" type="stmt" count="5"/>
        <metrics loc="71" ncloc="42" classes="1" methods="2" coveredmethods="2" conditionals="0" coveredconditionals="0" statements="13" coveredstatements="13" elements="15" coveredelements="15"/>
      </file>
      <file name="/var/www/interval/src/Operation/Interval/Intersection.php">
        <class name="Intersection" namespace="Interval\Operation\Interval" fullPackage="Interval" package="Interval">
          <metrics complexity="5" methods="2" coveredmethods="2" conditionals="0" coveredconditionals="0" statements="6" coveredstatements="6" elements="8" coveredelements="8"/>
        </class>
        <line num="21" type="method" name="__invoke" visibility="public" complexity="1" crap="1" count="13"/>
        <line num="23" type="stmt" count="13"/>
        <line num="43" type="method" name="compute" visibility="public" complexity="4" crap="4" count="22"/>
        <line num="45" type="stmt" count="22"/>
        <line num="46" type="stmt" count="8"/>
        <line num="49" type="stmt" count="14"/>
        <line num="50" type="stmt" count="14"/>
        <line num="51" type="stmt" count="14"/>
        <metrics loc="54" ncloc="25" classes="1" methods="2" coveredmethods="2" conditionals="0" coveredconditionals="0" statements="6" coveredstatements="6" elements="8" coveredelements="8"/>
      </file>
      <file name="/var/www/interval/src/Operation/Interval/Union.php">
        <class name="Union" namespace="Interval\Operation\Interval" fullPackage="Interval" package="Interval">
          <metrics complexity="6" methods="2" coveredmethods="1" conditionals="0" coveredconditionals="0" statements="10" coveredstatements="9" elements="12" coveredelements="10"/>
        </class>
        <line num="22" type="method" name="__invoke" visibility="public" complexity="1" crap="1" count="1"/>
        <line num="24" type="stmt" count="1"/>
        <line num="44" type="method" name="compute" visibility="public" complexity="5" crap="5.03" count="10"/>
        <line num="46" type="stmt" count="10"/>
        <line num="47" type="stmt" count="1"/>
        <line num="50" type="stmt" count="9"/>
        <line num="51" type="stmt" count="8"/>
        <line num="52" type="stmt" count="8"/>
        <line num="53" type="stmt" count="8"/>
        <line num="57" type="stmt" count="1"/>
        <line num="58" type="stmt" count="1"/>
        <line num="61" type="stmt" count="0"/>
        <metrics loc="63" ncloc="34" classes="1" methods="2" coveredmethods="1" conditionals="0" coveredconditionals="0" statements="10" coveredstatements="9" elements="12" coveredelements="10"/>
      </file>
    </package>
    <package name="Interval\Operation\Intervals">
      <file name="/var/www/interval/src/Operation/Intervals/Exclusion.php">
        <class name="Exclusion" namespace="Interval\Operation\Intervals" fullPackage="Interval" package="Interval">
          <metrics complexity="5" methods="2" coveredmethods="2" conditionals="0" coveredconditionals="0" statements="14" coveredstatements="14" elements="16" coveredelements="16"/>
        </class>
        <line num="20" type="method" name="__invoke" visibility="public" complexity="1" crap="1" count="1"/>
        <line num="22" type="stmt" count="1"/>
        <line num="41" type="method" name="compute" visibility="public" complexity="4" crap="4" count="7"/>
        <line num="43" type="stmt" count="7"/>
        <line num="44" type="stmt" count="7"/>
        <line num="45" type="stmt" count="7"/>
        <line num="46" type="stmt" count="1"/>
        <line num="49" type="stmt" count="6"/>
        <line num="50" type="stmt" count="6"/>
        <line num="51" type="stmt" count="6"/>
        <line num="53" type="stmt" count="6"/>
        <line num="56" type="stmt" count="6"/>
        <line num="57" type="stmt" count="6"/>
        <line num="60" type="stmt" count="6"/>
        <line num="61" type="stmt" count="6"/>
        <line num="64" type="stmt" count="6"/>
        <metrics loc="66" ncloc="40" classes="1" methods="2" coveredmethods="2" conditionals="0" coveredconditionals="0" statements="14" coveredstatements="14" elements="16" coveredelements="16"/>
      </file>
    </package>
    <package name="Interval\Rule\Interval">
      <file name="/var/www/interval/src/Rule/Interval/Inclusion.php">
        <class name="Inclusion" namespace="Interval\Rule\Interval" fullPackage="Interval" package="Interval">
          <metrics complexity="2" methods="1" coveredmethods="1" conditionals="0" coveredconditionals="0" statements="1" coveredstatements="1" elements="2" coveredelements="2"/>
        </class>
        <line num="19" type="method" name="assert" visibility="public" complexity="2" crap="2" count="12"/>
        <line num="21" type="stmt" count="12"/>
        <metrics loc="23" ncloc="13" classes="1" methods="1" coveredmethods="1" conditionals="0" coveredconditionals="0" statements="1" coveredstatements="1" elements="2" coveredelements="2"/>
      </file>
      <file name="/var/www/interval/src/Rule/Interval/Neighborhood.php">
        <class name="Neighborhood" namespace="Interval\Rule\Interval" fullPackage="Interval" package="Interval">
          <metrics complexity="2" methods="1" coveredmethods="1" conditionals="0" coveredconditionals="0" statements="1" coveredstatements="1" elements="2" coveredelements="2"/>
        </class>
        <line num="19" type="method" name="assert" visibility="public" complexity="2" crap="2" count="12"/>
        <line num="21" type="stmt" count="12"/>
        <metrics loc="23" ncloc="13" classes="1" methods="1" coveredmethods="1" conditionals="0" coveredconditionals="0" statements="1" coveredstatements="1" elements="2" coveredelements="2"/>
      </file>
      <file name="/var/www/interval/src/Rule/Interval/Overlapping.php">
        <class name="Overlapping" namespace="Interval\Rule\Interval" fullPackage="Interval" package="Interval">
          <metrics complexity="1" methods="1" coveredmethods="1" conditionals="0" coveredconditionals="0" statements="2" coveredstatements="2" elements="3" coveredelements="3"/>
        </class>
        <line num="20" type="method" name="assert" visibility="public" complexity="1" crap="1" count="12"/>
        <line num="22" type="stmt" count="12"/>
        <line num="23" type="stmt" count="12"/>
        <metrics loc="25" ncloc="15" classes="1" methods="1" coveredmethods="1" conditionals="0" coveredconditionals="0" statements="2" coveredstatements="2" elements="3" coveredelements="3"/>
      </file>
    </package>
    <metrics files="11" loc="844" ncloc="470" classes="11" methods="39" coveredmethods="35" conditionals="0" coveredconditionals="0" statements="139" coveredstatements="135" elements="178" coveredelements="170"/>
  </project>
</coverage>
